<?xml version="1.0" encoding="UTF-8"?>
<!-- Generated by org.testng.reporters.JUnitReportReporter -->
<testsuite skipped="0" hostname="Lenovo-PC" name="com.mystore.testcases.OrderPageTest" tests="1" failures="0" timestamp="16 Jan 2021 07:29:59 GMT" time="35.028" errors="0">
  <testcase name="verifyTotalPrice" time="35.028" classname="com.mystore.testcases.OrderPageTest"/>
</testsuite> <!-- com.mystore.testcases.OrderPageTest -->
