<?xml version="1.0" encoding="UTF-8"?>
<!-- Generated by org.testng.reporters.JUnitReportReporter -->
<testsuite skipped="0" hostname="Lenovo-PC" name="com.mystore.testcases.LoginPageTest" tests="1" failures="0" timestamp="16 Jan 2021 07:29:59 GMT" time="28.747" errors="0">
  <testcase name="loginTest" time="28.747" classname="com.mystore.testcases.LoginPageTest"/>
</testsuite> <!-- com.mystore.testcases.LoginPageTest -->
