<?xml version="1.0" encoding="UTF-8"?>
<!-- Generated by org.testng.reporters.JUnitReportReporter -->
<testsuite skipped="0" hostname="Lenovo-PC" name="com.mystore.testcases.SearchResultPageTest" tests="1" failures="0" timestamp="16 Jan 2021 07:29:59 GMT" time="22.296" errors="0">
  <testcase name="productAvailabilityTest" time="22.296" classname="com.mystore.testcases.SearchResultPageTest"/>
</testsuite> <!-- com.mystore.testcases.SearchResultPageTest -->
