<?xml version="1.0" encoding="UTF-8"?>
<!-- Generated by org.testng.reporters.JUnitReportReporter -->
<testsuite skipped="0" hostname="Lenovo-PC" name="com.mystore.testcases.IndexPageTest" tests="2" failures="0" timestamp="16 Jan 2021 07:29:59 GMT" time="28.859" errors="0">
  <testcase name="verifyLogo" time="14.555" classname="com.mystore.testcases.IndexPageTest"/>
  <testcase name="verifyTitle" time="14.304" classname="com.mystore.testcases.IndexPageTest"/>
</testsuite> <!-- com.mystore.testcases.IndexPageTest -->
