<?xml version="1.0" encoding="UTF-8"?>
<!-- Generated by org.testng.reporters.JUnitReportReporter -->
<testsuite skipped="0" hostname="Lenovo-PC" name="com.mystore.testcases.AccountCreationPageTest" tests="4" failures="0" timestamp="16 Jan 2021 07:29:59 GMT" time="134.692" errors="0">
  <testcase name="createAccountTest" time="39.076" classname="com.mystore.testcases.AccountCreationPageTest"/>
  <testcase name="verifyCreateAccountPageTest" time="23.827" classname="com.mystore.testcases.AccountCreationPageTest"/>
  <testcase name="createAccountTest" time="35.196" classname="com.mystore.testcases.AccountCreationPageTest"/>
  <testcase name="createAccountTest" time="36.593" classname="com.mystore.testcases.AccountCreationPageTest"/>
</testsuite> <!-- com.mystore.testcases.AccountCreationPageTest -->
