<?xml version="1.0" encoding="UTF-8"?>
<!-- Generated by org.testng.reporters.JUnitReportReporter -->
<testsuite skipped="0" hostname="Lenovo-PC" name="com.mystore.testcases.EndToEndTest" tests="1" failures="0" timestamp="16 Jan 2021 07:29:59 GMT" time="55.641" errors="0">
  <testcase name="endToEndTest" time="55.641" classname="com.mystore.testcases.EndToEndTest"/>
</testsuite> <!-- com.mystore.testcases.EndToEndTest -->
