<?xml version="1.0" encoding="UTF-8"?>
<!-- Generated by org.testng.reporters.JUnitReportReporter -->
<testsuite skipped="0" hostname="Lenovo-PC" name="com.mystore.testcases.AddToCartPageTest" tests="1" failures="0" timestamp="16 Jan 2021 07:29:59 GMT" time="31.554" errors="0">
  <testcase name="addToCartTest" time="31.554" classname="com.mystore.testcases.AddToCartPageTest"/>
</testsuite> <!-- com.mystore.testcases.AddToCartPageTest -->
