<?xml version="1.0" encoding="UTF-8"?>
<!-- Generated by org.testng.reporters.JUnitReportReporter -->
<testsuite skipped="0" hostname="Lenovo-PC" name="com.mystore.testcases.HomePageTest" tests="2" failures="0" timestamp="16 Jan 2021 07:29:59 GMT" time="56.353" errors="0">
  <testcase name="orderHistoryandDetailsTest" time="29.855" classname="com.mystore.testcases.HomePageTest"/>
  <testcase name="wishListTest" time="26.498" classname="com.mystore.testcases.HomePageTest"/>
</testsuite> <!-- com.mystore.testcases.HomePageTest -->
